<?xml version="1.0" encoding="UTF-8"?>
<!-- Generated by org.testng.reporters.JUnitXMLReporter -->
<testsuite hostname="DESKTOP-SPPT2CF" ignored="0" name="Command line test" tests="4" failures="0" timestamp="10 Jun 2022 15:32:58 GMT" time="7.543" errors="0">
  <testcase name="first" time="4.705" classname="jsonSchemaTest"/>
  <testcase name="first" time="0.799" classname="jsonTest"/>
  <testcase name="succesListUsersTest" time="1.621" classname="users.ListUsersTest"/>
  <testcase name="successSingleUserTest" time="0.356" classname="users.SingleUserTest"/>
</testsuite> <!-- Command line test -->
